zuj_busses_5/build/app/intermediates/manifest_merge_blame_file/debug/manifest-merger-blame-debug-report.txt
1<?xml version="1.0" encoding="utf-8"?>
2<manifest xmlns:android="http://schemas.android.com/apk/res/android"
3    package="com.example.zuj_busses_5_3"
4    android:versionCode="1"
5    android:versionName="1.0.0" >
6
7    <uses-sdk
8        android:minSdkVersion="20"
9        android:targetSdkVersion="30" />
10    <!--
11         Flutter needs it to communicate with the running application
12         to allow setting breakpoints, to provide hot reload, etc.
13    -->
14    <uses-permission android:name="android.permission.INTERNET" />
14-->src\debug\AndroidManifest.xml:6:5-66
14-->src\debug\AndroidManifest.xml:6:22-64
15
16    <queries>
16-->[:flutter_inappwebview] AndroidManifest.xml:7:5-11:15
17        <intent>
17-->[:flutter_inappwebview] AndroidManifest.xml:8:9-10:18
18            <action android:name="android.support.customtabs.action.CustomTabsService" />
18-->[:flutter_inappwebview] AndroidManifest.xml:9:13-90
18-->[:flutter_inappwebview] AndroidManifest.xml:9:21-87
19        </intent>
20    </queries>
21
22    <application
22-->src\main\AndroidManifest.xml:3:4-42:19
23        android:appComponentFactory="androidx.core.app.CoreComponentFactory"
23-->[androidx.core:core:1.3.0] AndroidManifest.xml:24:18-86
24        android:debuggable="true"
25        android:icon="@mipmap/ic_launcher"
25-->src\main\AndroidManifest.xml:5:9-43
26        android:label="zuj_busses_5_3" >
26-->src\main\AndroidManifest.xml:4:9-39
27        <meta-data
27-->src\main\AndroidManifest.xml:6:8-7:43
28            android:name="com.google.android.geo.API_KEY"
28-->src\main\AndroidManifest.xml:6:19-64
29            android:value="YOUR-KEY-HERE" />
29-->src\main\AndroidManifest.xml:7:12-41
30
31        <activity
31-->src\main\AndroidManifest.xml:8:9-36:20
32            android:name="com.example.zuj_busses_5.MainActivity"
32-->src\main\AndroidManifest.xml:9:13-41
33            android:configChanges="orientation|keyboardHidden|keyboard|screenSize|smallestScreenSize|locale|layoutDirection|fontScale|screenLayout|density|uiMode"
33-->src\main\AndroidManifest.xml:12:13-163
34            android:hardwareAccelerated="true"
34-->src\main\AndroidManifest.xml:13:13-47
35            android:launchMode="singleTop"
35-->src\main\AndroidManifest.xml:10:13-43
36            android:theme="@style/LaunchTheme"
36-->src\main\AndroidManifest.xml:11:13-47
37            android:windowSoftInputMode="adjustResize" >
37-->src\main\AndroidManifest.xml:14:13-55
38
39            <!--
40                 Specifies an Android theme to apply to this Activity as soon as
41                 the Android process has started. This theme is visible to the user
42                 while the Flutter UI initializes. After that, this theme continues
43                 to determine the Window background behind the Flutter UI.
44            -->
45            <meta-data
45-->src\main\AndroidManifest.xml:19:13-22:17
46                android:name="io.flutter.embedding.android.NormalTheme"
46-->src\main\AndroidManifest.xml:20:15-70
47                android:resource="@style/NormalTheme" />
47-->src\main\AndroidManifest.xml:21:15-52
48            <!--
49                 Displays an Android View that continues showing the launch screen
50                 Drawable until Flutter paints its first frame, then this splash
51                 screen fades out. A splash screen is useful to avoid any visual
52                 gap between the end of Android's launch screen and the painting of
53                 Flutter's first frame.
54            -->
55            <meta-data
55-->src\main\AndroidManifest.xml:28:13-31:17
56                android:name="io.flutter.embedding.android.SplashScreenDrawable"
56-->src\main\AndroidManifest.xml:29:15-79
57                android:resource="@drawable/launch_background" />
57-->src\main\AndroidManifest.xml:30:15-61
58
59            <intent-filter>
59-->src\main\AndroidManifest.xml:32:13-35:29
60                <action android:name="android.intent.action.MAIN" />
60-->src\main\AndroidManifest.xml:33:17-68
60-->src\main\AndroidManifest.xml:33:25-66
61
62                <category android:name="android.intent.category.LAUNCHER" />
62-->src\main\AndroidManifest.xml:34:17-76
62-->src\main\AndroidManifest.xml:34:27-74
63            </intent-filter>
64        </activity>
65        <!--
66             Don't delete the meta-data below.
67             This is used by the Flutter tool to generate GeneratedPluginRegistrant.java
68        -->
69        <meta-data
69-->src\main\AndroidManifest.xml:39:9-41:33
70            android:name="flutterEmbedding"
70-->src\main\AndroidManifest.xml:40:13-44
71            android:value="2" />
71-->src\main\AndroidManifest.xml:41:13-30
72
73        <activity
73-->[:flutter_inappwebview] AndroidManifest.xml:14:9-17:47
74            android:name="com.pichillilorenzo.flutter_inappwebview.in_app_browser.InAppBrowserActivity"
74-->[:flutter_inappwebview] AndroidManifest.xml:15:13-104
75            android:configChanges="orientation|keyboardHidden|keyboard|screenSize|locale|layoutDirection|fontScale|screenLayout|density"
75-->[:flutter_inappwebview] AndroidManifest.xml:16:13-137
76            android:theme="@style/AppTheme" />
76-->[:flutter_inappwebview] AndroidManifest.xml:17:13-44
77        <activity
77-->[:flutter_inappwebview] AndroidManifest.xml:18:9-20:55
78            android:name="com.pichillilorenzo.flutter_inappwebview.chrome_custom_tabs.ChromeCustomTabsActivity"
78-->[:flutter_inappwebview] AndroidManifest.xml:19:13-112
79            android:theme="@style/ThemeTransparent" />
79-->[:flutter_inappwebview] AndroidManifest.xml:20:13-52
80
81        <receiver android:name="com.pichillilorenzo.flutter_inappwebview.chrome_custom_tabs.ActionBroadcastReceiver" />
81-->[:flutter_inappwebview] AndroidManifest.xml:22:9-120
81-->[:flutter_inappwebview] AndroidManifest.xml:22:19-117
82
83        <meta-data
83-->[:flutter_inappwebview] AndroidManifest.xml:24:9-26:36
84            android:name="io.flutter.embedded_views_preview"
84-->[:flutter_inappwebview] AndroidManifest.xml:25:13-61
85            android:value="true" />
85-->[:flutter_inappwebview] AndroidManifest.xml:26:13-33
86
87        <activity
87-->[:url_launcher] AndroidManifest.xml:8:9-11:74
88            android:name="io.flutter.plugins.urllauncher.WebViewActivity"
88-->[:url_launcher] AndroidManifest.xml:9:13-74
89            android:exported="false"
89-->[:url_launcher] AndroidManifest.xml:10:13-37
90            android:theme="@android:style/Theme.NoTitleBar.Fullscreen" />
90-->[:url_launcher] AndroidManifest.xml:11:13-71
91    </application>
92
93</manifest>